<?xml version="1.0" encoding="UTF-8"?>
<!-- Generated by org.testng.reporters.JUnitReportReporter -->
<testsuite skipped="0" hostname="LAPTOP-B1OE6HP2" name="Ex1TestNG" tests="3" failures="0" timestamp="18 Aug 2020 13:30:18 GMT" time="0.001" errors="0">
  <testcase name="initializeName" time="0.000" classname="Ex1TestNG"/>
  <testcase name="signin" time="0.001" classname="Ex1TestNG"/>
  <testcase name="initializePassword" time="0.000" classname="Ex1TestNG"/>
</testsuite> <!-- Ex1TestNG -->
