<?xml version="1.0" encoding="UTF-8"?>
<!-- Generated by org.testng.reporters.JUnitReportReporter -->
<testsuite skipped="0" hostname="LAPTOP-B1OE6HP2" name="Ex2TestNG" tests="3" failures="0" timestamp="18 Aug 2020 15:44:00 GMT" time="0.000" errors="0">
  <testcase name="signin" time="0.000" classname="Ex2TestNG"/>
  <testcase name="initializePassword" time="0.000" classname="Ex2TestNG"/>
  <testcase name="initializeName" time="0.000" classname="Ex2TestNG"/>
</testsuite> <!-- Ex2TestNG -->
