<?xml version="1.0" encoding="UTF-8"?>
<!-- Generated by org.testng.reporters.JUnitReportReporter -->
<testsuite skipped="0" hostname="LAPTOP-B1OE6HP2" name="Ex4TestNG" tests="2" failures="0" timestamp="24 Aug 2020 11:11:42 GMT" time="0.973" errors="0">
  <testcase name="testCommodity" time="0.497" classname="Ex4TestNG"/>
  <testcase name="testCommodity" time="0.476" classname="Ex4TestNG"/>
</testsuite> <!-- Ex4TestNG -->
